<?xml version="1.0" encoding="UTF-8"?>
<!-- Generated by org.testng.reporters.JUnitXMLReporter -->
<testsuite ignored="0" hostname="MSI" failures="0" tests="4" name="Test" time="26.744" errors="0" timestamp="2023-05-05T08:35:34 IST">
  <testcase classname="firstPack.DemoTwoTest" name="testOne" time="3.747"/>
  <testcase classname="firstPack.DemoOneTest" name="testOne" time="2.251"/>
  <testcase classname="tests.LoginTest" name="login" time="1.251"/>
  <testcase classname="tests.LoginTest" name="login" time="10.907"/>
</testsuite> <!-- Test -->
