<?xml version="1.0" encoding="UTF-8"?>
<!-- Generated by org.testng.reporters.JUnitXMLReporter -->
<testsuite ignored="0" hostname="MSI" failures="0" tests="4" name="Test" time="28.73" errors="0" timestamp="2023-05-05T08:36:50 IST">
  <testcase classname="firstPack.DemoTwoTest" name="testOne" time="3.917"/>
  <testcase classname="firstPack.DemoOneTest" name="testOne" time="2.717"/>
  <testcase classname="tests.LoginTest" name="login" time="1.296"/>
  <testcase classname="tests.LoginTest" name="login" time="10.944"/>
</testsuite> <!-- Test -->
