<?xml version="1.0" encoding="UTF-8"?>
<testng-results ignored="0" total="4" passed="4" failed="0" skipped="0">
  <reporter-output>
  </reporter-output>
  <suite started-at="2023-05-05T08:36:22 IST" name="Suite" finished-at="2023-05-05T08:36:50 IST" duration-ms="28730">
    <groups>
    </groups>
    <test started-at="2023-05-05T08:36:22 IST" name="Test" finished-at="2023-05-05T08:36:50 IST" duration-ms="28730">
      <class name="tests.LoginTest">
        <test-method is-config="true" signature="SetUp()[pri:0, instance:tests.LoginTest@3646a422]" started-at="2023-05-05T08:36:29 IST" name="SetUp" finished-at="2023-05-05T08:36:34 IST" duration-ms="5147" status="PASS">
          <reporter-output>
          </reporter-output>
        </test-method> <!-- SetUp -->
        <test-method signature="login(java.lang.String,java.lang.String,java.lang.String)[pri:0, instance:tests.LoginTest@3646a422]" started-at="2023-05-05T08:36:34 IST" name="login" data-provider="getData" finished-at="2023-05-05T08:36:35 IST" duration-ms="1296" status="PASS">
          <params>
            <param index="0">
              <value>
                <![CDATA[phaniatw2@gmail.com]]>
              </value>
            </param>
            <param index="1">
              <value>
                <![CDATA[atw@123]]>
              </value>
            </param>
            <param index="2">
              <value>
                <![CDATA[success]]>
              </value>
            </param>
          </params>
          <reporter-output>
          </reporter-output>
        </test-method> <!-- login -->
        <test-method is-config="true" signature="tearDown()[pri:0, instance:tests.LoginTest@3646a422]" started-at="2023-05-05T08:36:35 IST" name="tearDown" finished-at="2023-05-05T08:36:35 IST" duration-ms="216" status="PASS">
          <reporter-output>
          </reporter-output>
        </test-method> <!-- tearDown -->
        <test-method is-config="true" signature="SetUp()[pri:0, instance:tests.LoginTest@3646a422]" started-at="2023-05-05T08:36:35 IST" name="SetUp" finished-at="2023-05-05T08:36:39 IST" duration-ms="3731" status="PASS">
          <reporter-output>
          </reporter-output>
        </test-method> <!-- SetUp -->
        <test-method signature="login(java.lang.String,java.lang.String,java.lang.String)[pri:0, instance:tests.LoginTest@3646a422]" started-at="2023-05-05T08:36:39 IST" name="login" data-provider="getData" finished-at="2023-05-05T08:36:50 IST" duration-ms="10944" status="PASS">
          <params>
            <param index="0">
              <value>
                <![CDATA[test@gmail.com]]>
              </value>
            </param>
            <param index="1">
              <value>
                <![CDATA[test@123]]>
              </value>
            </param>
            <param index="2">
              <value>
                <![CDATA[failure]]>
              </value>
            </param>
          </params>
          <reporter-output>
          </reporter-output>
        </test-method> <!-- login -->
        <test-method is-config="true" signature="tearDown()[pri:0, instance:tests.LoginTest@3646a422]" started-at="2023-05-05T08:36:50 IST" name="tearDown" finished-at="2023-05-05T08:36:50 IST" duration-ms="256" status="PASS">
          <reporter-output>
          </reporter-output>
        </test-method> <!-- tearDown -->
      </class> <!-- tests.LoginTest -->
      <class name="firstPack.DemoOneTest">
        <test-method signature="testOne()[pri:0, instance:firstPack.DemoOneTest@4145bad8]" started-at="2023-05-05T08:36:25 IST" name="testOne" finished-at="2023-05-05T08:36:28 IST" duration-ms="2717" status="PASS">
          <reporter-output>
          </reporter-output>
        </test-method> <!-- testOne -->
      </class> <!-- firstPack.DemoOneTest -->
      <class name="firstPack.DemoTwoTest">
        <test-method signature="testOne()[pri:0, instance:firstPack.DemoTwoTest@41a0aa7d]" started-at="2023-05-05T08:36:22 IST" name="testOne" finished-at="2023-05-05T08:36:25 IST" duration-ms="3917" status="PASS">
          <reporter-output>
          </reporter-output>
        </test-method> <!-- testOne -->
      </class> <!-- firstPack.DemoTwoTest -->
    </test> <!-- Test -->
  </suite> <!-- Suite -->
</testng-results>
