<?xml version="1.0" encoding="UTF-8"?>
<testng-results ignored="0" total="4" passed="4" failed="0" skipped="0">
  <reporter-output>
  </reporter-output>
  <suite started-at="2023-05-05T08:35:07 IST" name="Suite" finished-at="2023-05-05T08:35:34 IST" duration-ms="26744">
    <groups>
    </groups>
    <test started-at="2023-05-05T08:35:07 IST" name="Test" finished-at="2023-05-05T08:35:34 IST" duration-ms="26744">
      <class name="tests.LoginTest">
        <test-method is-config="true" signature="SetUp()[pri:0, instance:tests.LoginTest@229c6181]" started-at="2023-05-05T08:35:14 IST" name="SetUp" finished-at="2023-05-05T08:35:17 IST" duration-ms="3468" status="PASS">
          <reporter-output>
          </reporter-output>
        </test-method> <!-- SetUp -->
        <test-method signature="login(java.lang.String,java.lang.String,java.lang.String)[pri:0, instance:tests.LoginTest@229c6181]" started-at="2023-05-05T08:35:17 IST" name="login" data-provider="getData" finished-at="2023-05-05T08:35:18 IST" duration-ms="1251" status="PASS">
          <params>
            <param index="0">
              <value>
                <![CDATA[phaniatw2@gmail.com]]>
              </value>
            </param>
            <param index="1">
              <value>
                <![CDATA[atw@123]]>
              </value>
            </param>
            <param index="2">
              <value>
                <![CDATA[success]]>
              </value>
            </param>
          </params>
          <reporter-output>
          </reporter-output>
        </test-method> <!-- login -->
        <test-method is-config="true" signature="tearDown()[pri:0, instance:tests.LoginTest@229c6181]" started-at="2023-05-05T08:35:18 IST" name="tearDown" finished-at="2023-05-05T08:35:19 IST" duration-ms="221" status="PASS">
          <reporter-output>
          </reporter-output>
        </test-method> <!-- tearDown -->
        <test-method is-config="true" signature="SetUp()[pri:0, instance:tests.LoginTest@229c6181]" started-at="2023-05-05T08:35:19 IST" name="SetUp" finished-at="2023-05-05T08:35:23 IST" duration-ms="4178" status="PASS">
          <reporter-output>
          </reporter-output>
        </test-method> <!-- SetUp -->
        <test-method signature="login(java.lang.String,java.lang.String,java.lang.String)[pri:0, instance:tests.LoginTest@229c6181]" started-at="2023-05-05T08:35:23 IST" name="login" data-provider="getData" finished-at="2023-05-05T08:35:34 IST" duration-ms="10907" status="PASS">
          <params>
            <param index="0">
              <value>
                <![CDATA[test@gmail.com]]>
              </value>
            </param>
            <param index="1">
              <value>
                <![CDATA[test@123]]>
              </value>
            </param>
            <param index="2">
              <value>
                <![CDATA[failure]]>
              </value>
            </param>
          </params>
          <reporter-output>
          </reporter-output>
        </test-method> <!-- login -->
        <test-method is-config="true" signature="tearDown()[pri:0, instance:tests.LoginTest@229c6181]" started-at="2023-05-05T08:35:34 IST" name="tearDown" finished-at="2023-05-05T08:35:34 IST" duration-ms="241" status="PASS">
          <reporter-output>
          </reporter-output>
        </test-method> <!-- tearDown -->
      </class> <!-- tests.LoginTest -->
      <class name="firstPack.DemoOneTest">
        <test-method signature="testOne()[pri:0, instance:firstPack.DemoOneTest@5677323c]" started-at="2023-05-05T08:35:11 IST" name="testOne" finished-at="2023-05-05T08:35:13 IST" duration-ms="2251" status="PASS">
          <reporter-output>
          </reporter-output>
        </test-method> <!-- testOne -->
      </class> <!-- firstPack.DemoOneTest -->
      <class name="firstPack.DemoTwoTest">
        <test-method signature="testOne()[pri:0, instance:firstPack.DemoTwoTest@5a45133e]" started-at="2023-05-05T08:35:07 IST" name="testOne" finished-at="2023-05-05T08:35:11 IST" duration-ms="3747" status="PASS">
          <reporter-output>
          </reporter-output>
        </test-method> <!-- testOne -->
      </class> <!-- firstPack.DemoTwoTest -->
    </test> <!-- Test -->
  </suite> <!-- Suite -->
</testng-results>
